<?xml version="1.0" encoding="UTF-8"?>
<testsuite xmlns:xsi="http://www.w3.org/2001/XMLSchema-instance" xsi:noNamespaceSchemaLocation="https://maven.apache.org/surefire/maven-surefire-plugin/xsd/surefire-test-report-3.0.xsd" version="3.0" name="com.br.kaizen.kaizen.KaizenApplicationTests" time="6.469" tests="1" errors="0" skipped="0" failures="0">
  <properties>
[...]
</properties>
  <testcase name="contextLoads" classname="com.br.kaizen.kaizen.KaizenApplicationTests" time="0.538">
    <system-out><![CDATA[18:56:25.885 [main] INFO org.springframework.test.context.support.AnnotationConfigContextLoaderUtils -- Could not detect default configuration classes for test class [com.br.kaizen.kaizen.KaizenApplicationTests]: KaizenApplicationTests does not declare any static, non-private, non-final, nested classes annotated with @Configuration.
18:56:25.989 [main] INFO org.springframework.boot.test.context.SpringBootTestContextBootstrapper -- Found @SpringBootConfiguration com.br.kaizen.kaizen.KaizenApplication for test class com.br.kaizen.kaizen.KaizenApplicationTests

  .   ____          _            __ _ _
 /\\ / ___'_ __ _ _(_)_ __  __ _ \ \ \ \
( ( )\___ | '_ | '_| | '_ \/ _` | \ \ \ \
 \\/  ___)| |_)| | | | | || (_| |  ) ) ) )
  '  |____| .__|_| |_|_| |_\__, | / / / /
 =========|_|==============|___/=/_/_/_/
 :: Spring Boot ::                (v3.1.3)

2023-09-12T18:56:26.481-03:00  INFO 39688 --- [           main] c.b.k.kaizen.KaizenApplicationTests      : Starting KaizenApplicationTests using Java 17.0.8 with PID 39688 (started by dario.junior in C:\Users\dario.junior\Desktop\Projetos\ProjetosPro\TreinosPraPortifólio\Kaizen\Back\kaizen)
2023-09-12T18:56:26.482-03:00  INFO 39688 --- [           main] c.b.k.kaizen.KaizenApplicationTests      : No active profile set, falling back to 1 default profile: "default"
2023-09-12T18:56:27.221-03:00  INFO 39688 --- [           main] .s.d.r.c.RepositoryConfigurationDelegate : Bootstrapping Spring Data JPA repositories in DEFAULT mode.
2023-09-12T18:56:27.311-03:00  INFO 39688 --- [           main] .s.d.r.c.RepositoryConfigurationDelegate : Finished Spring Data repository scanning in 78 ms. Found 5 JPA repository interfaces.
2023-09-12T18:56:27.853-03:00  INFO 39688 --- [           main] o.f.c.internal.license.VersionPrinter    : Flyway Community Edition 9.16.3 by Redgate
2023-09-12T18:56:27.853-03:00  INFO 39688 --- [           main] o.f.c.internal.license.VersionPrinter    : See release notes here: https://rd.gt/416ObMi
2023-09-12T18:56:27.853-03:00  INFO 39688 --- [           main] o.f.c.internal.license.VersionPrinter    : 
2023-09-12T18:56:27.867-03:00  INFO 39688 --- [           main] com.zaxxer.hikari.HikariDataSource       : HikariPool-1 - Starting...
2023-09-12T18:56:28.137-03:00  INFO 39688 --- [           main] com.zaxxer.hikari.pool.HikariPool        : HikariPool-1 - Added connection com.mysql.cj.jdbc.ConnectionImpl@12d2ddde
2023-09-12T18:56:28.140-03:00  INFO 39688 --- [           main] com.zaxxer.hikari.HikariDataSource       : HikariPool-1 - Start completed.
2023-09-12T18:56:28.184-03:00  INFO 39688 --- [           main] o.f.c.i.database.base.BaseDatabaseType   : Database: jdbc:mysql://localhost:3306/kaizenV1 (MySQL 8.0)
2023-09-12T18:56:28.314-03:00  INFO 39688 --- [           main] o.f.core.internal.command.DbValidate     : Successfully validated 0 migrations (execution time 00:00.036s)
2023-09-12T18:56:28.314-03:00  WARN 39688 --- [           main] o.f.core.internal.command.DbValidate     : No migrations found. Are your locations set up correctly?
2023-09-12T18:56:28.329-03:00  INFO 39688 --- [           main] o.f.core.internal.command.DbMigrate      : Current version of schema `kaizenv1`: << Empty Schema >>
2023-09-12T18:56:28.330-03:00  INFO 39688 --- [           main] o.f.core.internal.command.DbMigrate      : Schema `kaizenv1` is up to date. No migration necessary.
2023-09-12T18:56:28.433-03:00  INFO 39688 --- [           main] o.hibernate.jpa.internal.util.LogHelper  : HHH000204: Processing PersistenceUnitInfo [name: default]
2023-09-12T18:56:28.520-03:00  INFO 39688 --- [           main] org.hibernate.Version                    : HHH000412: Hibernate ORM core version 6.2.7.Final
2023-09-12T18:56:28.523-03:00  INFO 39688 --- [           main] org.hibernate.cfg.Environment            : HHH000406: Using bytecode reflection optimizer
2023-09-12T18:56:28.727-03:00  INFO 39688 --- [           main] o.h.b.i.BytecodeProviderInitiator        : HHH000021: Bytecode provider name : bytebuddy
2023-09-12T18:56:28.923-03:00  INFO 39688 --- [           main] o.s.o.j.p.SpringPersistenceUnitInfo      : No LoadTimeWeaver setup: ignoring JPA class transformer
2023-09-12T18:56:29.349-03:00  INFO 39688 --- [           main] o.h.b.i.BytecodeProviderInitiator        : HHH000021: Bytecode provider name : bytebuddy
2023-09-12T18:56:30.252-03:00  INFO 39688 --- [           main] o.h.e.t.j.p.i.JtaPlatformInitiator       : HHH000490: Using JtaPlatform implementation: [org.hibernate.engine.transaction.jta.platform.internal.NoJtaPlatform]
2023-09-12T18:56:30.531-03:00  INFO 39688 --- [           main] j.LocalContainerEntityManagerFactoryBean : Initialized JPA EntityManagerFactory for persistence unit 'default'
2023-09-12T18:56:31.156-03:00  WARN 39688 --- [           main] JpaBaseConfiguration$JpaWebConfiguration : spring.jpa.open-in-view is enabled by default. Therefore, database queries may be performed during view rendering. Explicitly configure spring.jpa.open-in-view to disable this warning
2023-09-12T18:56:31.610-03:00  INFO 39688 --- [           main] c.b.k.kaizen.KaizenApplicationTests      : Started KaizenApplicationTests in 5.434 seconds (process running for 6.91)
]]></system-out>
  </testcase>
</testsuite>